1543994171361:add 1 2
1543994183703:exportExcel 1 2
1543994368467:add 1 2
1543994492521:help
1543994504102:add -h
1543994508447:add -help
1543994513750:add --help
1543994523990:add --a 3 4
1543994587174:add
1543994595486:add -app 2 3
1543994602920:add -app 3
1543994627405:add -app 3 --b 4
1543994640991:stacktrace
1543995081716:help
1543995146872:clear
1543995153694:exit
1543995204051:help
1543995209664:history
1543995334231:exit
1543995345613:sum 1 2
1543995625236:a
1543995629696:add --arg
1543995659495:add \\\n1 \\\n2
1543995678382:add --a \\\n--b 2 \\
1543995689574:add --a 1 \\\n--b 2
1543995701967:stacktrace
1543995716348:exportExcel \\
1543995724954:exportExcel\\
1543995728874:help
1543995736654:export-excel\\
1543995745862:export-excell \\
1544088418423:export-excel ""
1544088485665:export-excel --options 2
1544088500212:stacktrace
1544088581102:export-excel 1
1544094894309:export-excel ""
1544094909484:export-excel --flux ""
1544094959450:<ComplaintsOrganization>
1544094964815:export-excel 1
1544094977575:stacktrace
1544095033064:export-excel 1
1544095038740:stacktrace
1544095131362:export-excel 1
1544095172950:stacktrace
1544095417911:history
1544095423789:export-excel 1
1544095602816:Oracle10gDialect
1544095605499:history
1544095609332:export-excel 1
1544095783535:stacktrace
1544095912951:export-excel 1
1544096110436:export-excel\\
1544096116556:export-excel
1544096119100:export-excel 1
1544163808395:stacktrace
1544164213648:export-excel 1
1544164381090:export-excel
1544164752018:export-excel 1
1544164817570:export-excel
1544164944528:excel-export
1544164950636:export-excel
1544165751337:exporexcel
1544165756983:export-excel 1
1544165761016:stacktrace
1544165827093:export
1544166877761:export-excel
1544166882008:export
1544404115984:stacktrace
1544404177000:EXPORT
1544404179019:export
1544404565825:stacktrace
1544404794624:export
1544405038897:export\\
1544405080120:export
1544410328541:stacktrace
1544410367382:export
1544410371834:stacktrace
1544411426308:export
1544411429617:stacktrace
1544411491484:export
1544439247696:stacktrace
1544439355689:export
1544488794622:stacktrace
1544489034593:export
1544490767169:stacktrace
1544490929355:export
1544498726520:stacktrace
1544498782637:export
1544498791347:stacktrace
1544498872868:export
1544499563520:stacktrace
1544499612090:export
1544501027088:stacktrace
1544503636422:export
1544503665137:stacktrace
1544503833525:export
1544504112736:stacktrace
1544504472684:test
1544504516257:export
1544504523604:test
1544504528113:stacktrace
1544504557681:test
1544504665217:stcktrace
1544504669545:stacktrace
1544504677984:test
1544504680257:stacktrace
1544504832360:test
1544504928802:stacktrace
1544505657252:test
1544505662890:stacktrace
1544505793174:test
1544508552794:TEST
1544508554858:test
1544512250712:stacktrace
1544512315605:test
1544512324658:stacktrace
1544512563648:test
1544512580980:stacktrace
1544512690033:test
1544512694747:stacktrace
1544512816704:test
1544512821733:stacktrace
1544513180634:test
1544513185914:stacktrace
1544513249708:test
1544513252915:stacktrace
1544513463330:test
1544513467763:stacktrace
1544513901682:test
1544516408308:stacktrace
1544516496703:test
1544519547534:stacktrace
1544520046968:test
1544520647495:stacktrace
1544520750576:test
1544520753757:export
1544521402063:expot
1544521404781:export
1544526943205:EXPORT
1544526945102:export
